{"uid":"47e254b81a4e90b5","name":"Login to Inspire and Submit a New Post to the Community","fullName":"Create New Post: Login to Inspire and Submit a New Post to the Community","historyId":"31b5d4450badcce9c2d64c84a61a19f8","time":{"start":1668565199900,"stop":1668565200166,"duration":266},"status":"broken","statusMessage":"selenium.common.exceptions.WebDriverException: Message: 'chromedriver.exe' executable needs to be in PATH. Please see https://chromedriver.chromium.org/home\n\n","statusTrace":"  File \"C:\\Users\\91900\\PycharmProjects\\inspireProject\\venv\\lib\\site-packages\\behave\\model.py\", line 1329, in run\n    match.run(runner.context)\n  File \"C:\\Users\\91900\\PycharmProjects\\inspireProject\\venv\\lib\\site-packages\\behave\\matchers.py\", line 98, in run\n    self.func(context, *args, **kwargs)\n  File \"feature\\steps\\createNewPost.py\", line 26, in LaunchBrowser\n    context.driver = webdriver.Chrome(executable_path=TestData.CHROME_EXECUTABLE_PATH)\n  File \"C:\\Users\\91900\\PycharmProjects\\inspireProject\\venv\\lib\\site-packages\\selenium\\webdriver\\chrome\\webdriver.py\", line 81, in __init__\n    super().__init__(\n  File \"C:\\Users\\91900\\PycharmProjects\\inspireProject\\venv\\lib\\site-packages\\selenium\\webdriver\\chromium\\webdriver.py\", line 103, in __init__\n    self.service.start()\n  File \"C:\\Users\\91900\\PycharmProjects\\inspireProject\\venv\\lib\\site-packages\\selenium\\webdriver\\common\\service.py\", line 100, in start\n    raise err\n  File \"C:\\Users\\91900\\PycharmProjects\\inspireProject\\venv\\lib\\site-packages\\selenium\\webdriver\\common\\service.py\", line 91, in start\n    self._start_process(self.path)\n  File \"C:\\Users\\91900\\PycharmProjects\\inspireProject\\venv\\lib\\site-packages\\selenium\\webdriver\\common\\service.py\", line 203, in _start_process\n    raise WebDriverException(\n","flaky":false,"newFailed":false,"newBroken":false,"newPassed":false,"retriesCount":0,"retriesStatusChange":false,"beforeStages":[],"testStage":{"status":"broken","statusMessage":"selenium.common.exceptions.WebDriverException: Message: 'chromedriver.exe' executable needs to be in PATH. Please see https://chromedriver.chromium.org/home\n\n","statusTrace":"  File \"C:\\Users\\91900\\PycharmProjects\\inspireProject\\venv\\lib\\site-packages\\behave\\model.py\", line 1329, in run\n    match.run(runner.context)\n  File \"C:\\Users\\91900\\PycharmProjects\\inspireProject\\venv\\lib\\site-packages\\behave\\matchers.py\", line 98, in run\n    self.func(context, *args, **kwargs)\n  File \"feature\\steps\\createNewPost.py\", line 26, in LaunchBrowser\n    context.driver = webdriver.Chrome(executable_path=TestData.CHROME_EXECUTABLE_PATH)\n  File \"C:\\Users\\91900\\PycharmProjects\\inspireProject\\venv\\lib\\site-packages\\selenium\\webdriver\\chrome\\webdriver.py\", line 81, in __init__\n    super().__init__(\n  File \"C:\\Users\\91900\\PycharmProjects\\inspireProject\\venv\\lib\\site-packages\\selenium\\webdriver\\chromium\\webdriver.py\", line 103, in __init__\n    self.service.start()\n  File \"C:\\Users\\91900\\PycharmProjects\\inspireProject\\venv\\lib\\site-packages\\selenium\\webdriver\\common\\service.py\", line 100, in start\n    raise err\n  File \"C:\\Users\\91900\\PycharmProjects\\inspireProject\\venv\\lib\\site-packages\\selenium\\webdriver\\common\\service.py\", line 91, in start\n    self._start_process(self.path)\n  File \"C:\\Users\\91900\\PycharmProjects\\inspireProject\\venv\\lib\\site-packages\\selenium\\webdriver\\common\\service.py\", line 203, in _start_process\n    raise WebDriverException(\n","steps":[{"name":"Given User Launches Chrome Browser","time":{"start":1668565199900,"stop":1668565200166,"duration":266},"status":"broken","statusMessage":"selenium.common.exceptions.WebDriverException: Message: 'chromedriver.exe' executable needs to be in PATH. Please see https://chromedriver.chromium.org/home\n\n","statusTrace":"  File \"C:\\Users\\91900\\PycharmProjects\\inspireProject\\venv\\lib\\site-packages\\behave\\model.py\", line 1329, in run\n    match.run(runner.context)\n  File \"C:\\Users\\91900\\PycharmProjects\\inspireProject\\venv\\lib\\site-packages\\behave\\matchers.py\", line 98, in run\n    self.func(context, *args, **kwargs)\n  File \"feature\\steps\\createNewPost.py\", line 26, in LaunchBrowser\n    context.driver = webdriver.Chrome(executable_path=TestData.CHROME_EXECUTABLE_PATH)\n  File \"C:\\Users\\91900\\PycharmProjects\\inspireProject\\venv\\lib\\site-packages\\selenium\\webdriver\\chrome\\webdriver.py\", line 81, in __init__\n    super().__init__(\n  File \"C:\\Users\\91900\\PycharmProjects\\inspireProject\\venv\\lib\\site-packages\\selenium\\webdriver\\chromium\\webdriver.py\", line 103, in __init__\n    self.service.start()\n  File \"C:\\Users\\91900\\PycharmProjects\\inspireProject\\venv\\lib\\site-packages\\selenium\\webdriver\\common\\service.py\", line 100, in start\n    raise err\n  File \"C:\\Users\\91900\\PycharmProjects\\inspireProject\\venv\\lib\\site-packages\\selenium\\webdriver\\common\\service.py\", line 91, in start\n    self._start_process(self.path)\n  File \"C:\\Users\\91900\\PycharmProjects\\inspireProject\\venv\\lib\\site-packages\\selenium\\webdriver\\common\\service.py\", line 203, in _start_process\n    raise WebDriverException(\n","steps":[],"attachments":[],"parameters":[],"stepsCount":0,"hasContent":true,"shouldDisplayMessage":true,"attachmentsCount":0},{"name":"When User Clicks the Login Button in the Home Page","time":{"start":1668565200166,"stop":1668565200166,"duration":0},"status":"skipped","steps":[],"attachments":[],"parameters":[],"stepsCount":0,"hasContent":false,"shouldDisplayMessage":false,"attachmentsCount":0},{"name":"And User Enters Valid User Name \"srinivas.anand1@gmail.com\" and Password \"Srinivas@12345\"","time":{"start":1668565200166,"stop":1668565200166,"duration":0},"status":"skipped","steps":[],"attachments":[],"parameters":[],"stepsCount":0,"hasContent":false,"shouldDisplayMessage":false,"attachmentsCount":0},{"name":"And User Click the Login Button","time":{"start":1668565200166,"stop":1668565200166,"duration":0},"status":"skipped","steps":[],"attachments":[],"parameters":[],"stepsCount":0,"hasContent":false,"shouldDisplayMessage":false,"attachmentsCount":0},{"name":"And User Must Successfully Login to His Dashboard Page","time":{"start":1668565200166,"stop":1668565200166,"duration":0},"status":"skipped","steps":[],"attachments":[],"parameters":[],"stepsCount":0,"hasContent":false,"shouldDisplayMessage":false,"attachmentsCount":0},{"name":"And User Selects Community Blood Pressure","time":{"start":1668565200166,"stop":1668565200166,"duration":0},"status":"skipped","steps":[],"attachments":[],"parameters":[],"stepsCount":0,"hasContent":false,"shouldDisplayMessage":false,"attachmentsCount":0},{"name":"And User Clicks Create Post Button","time":{"start":1668565200166,"stop":1668565200166,"duration":0},"status":"skipped","steps":[],"attachments":[],"parameters":[],"stepsCount":0,"hasContent":false,"shouldDisplayMessage":false,"attachmentsCount":0},{"name":"And User Will add all the mandatory Post Details and Submits Post","time":{"start":1668565200166,"stop":1668565200166,"duration":0},"status":"skipped","steps":[],"attachments":[],"parameters":[],"stepsCount":0,"hasContent":false,"shouldDisplayMessage":false,"attachmentsCount":0},{"name":"Then New Post is Successfully Created Verified and logout of the application","time":{"start":1668565200166,"stop":1668565200166,"duration":0},"status":"skipped","steps":[],"attachments":[],"parameters":[],"stepsCount":0,"hasContent":false,"shouldDisplayMessage":false,"attachmentsCount":0}],"attachments":[],"parameters":[],"stepsCount":9,"hasContent":true,"shouldDisplayMessage":false,"attachmentsCount":0},"afterStages":[],"labels":[{"name":"severity","value":"normal"},{"name":"feature","value":"Create New Post"},{"name":"framework","value":"behave"},{"name":"language","value":"cpython3"},{"name":"resultFormat","value":"allure2"}],"parameters":[],"links":[],"hidden":true,"retry":true,"extra":{"categories":[],"tags":[]},"source":"47e254b81a4e90b5.json","parameterValues":[]}